[00:00:00] [Server thread/INFO]: [0;37;22m[21m[[0;33;22m[21mAstatine[0;37;22m[21m] [0;31;1mRemovendo itens do chao em [0;37;22m10 [0;31;1msegundos![m
[00:00:50] [Server thread/INFO]: [CHUVA ACIDA] Chuva Acida ativada[m
[00:00:50] [Server thread/INFO]:  Proxima chuva acida em [0;32;1m58 [0;37;22mminuto(s)[m
[00:00:50] [Server thread/INFO]: [0;37;22m[21m[[0;31;22m[21mAVISO[0;37;22m[21m] [0;33;22mReiniciando o servidor em 10 segundos! [m
[00:01:00] [Server thread/INFO]: [0;31;22m[21mA chuva ácida começou![m
[00:01:00] [Server thread/INFO]: [0;30;1m[21m[[0;33;22m![0;30;1m[21m] [mDesafie seus amigos com o [0;32;1m[21m/x1 desafiar! [m
[00:01:00] [Server thread/INFO]: Stopping the server
[00:01:00] [Server thread/INFO]: Stopping server
[00:01:00] [Server thread/INFO]: [Citizens] Disabling Citizens v2.0.16-SNAPSHOT (build 1267)
[00:01:00] [Server thread/INFO]: [VipZero] Disabling VipZero v1.2.2
[00:01:00] [Server thread/INFO]: [VipZero] Disabling VipZero - Author: SubZero0
[00:01:00] [Server thread/INFO]: [LWC] Disabling LWC v1.7.3
[00:01:00] [Server thread/INFO]: [LWC] Flushing protection updates (0)
[00:01:00] [Server thread/INFO]: [AstatineX1] Disabling AstatineX1 v1.0
[00:01:00] [Server thread/INFO]: [TitleManager] Disabling TitleManager v1.5.12
[00:01:00] [Server thread/INFO]: [AstatineHome] Disabling AstatineHome v1.5.12
[00:01:00] [Server thread/INFO]: [AstatineClans] Disabling AstatineClans v2.0
[00:01:00] [Server thread/INFO]: [Vault] Disabling Vault v1.5.6-b49
[00:01:00] [Server thread/INFO]: [Essentials] Payment method was disabled. No longer accepting payments.
[00:01:00] [Server thread/INFO]: [mcMMO] Disabling mcMMO v1.5.03-b62
[00:01:00] [Server thread/INFO]: [PagSeguro_API] Disabling PagSeguro_API v2.0.4
[00:01:00] [Server thread/INFO]: [PagSeguro_API] Disabling PagSeguro API for Bukkit
[00:01:00] [Server thread/INFO]: [Eventos] Disabling Eventos v1.0
[00:01:00] [Server thread/INFO]: [PermissionsEx] Disabling PermissionsEx v1.23.4
[00:01:00] [Server thread/INFO]: [AstatineLogin] Disabling AstatineLogin v1.0
[00:01:00] [Server thread/INFO]: [VoxelSniper] Disabling VoxelSniper v5.171.0-SNAPSHOT
[00:01:00] [Server thread/INFO]: [AsyncWorldEdit] Disabling AsyncWorldEdit v2.2.2
[00:01:00] [Server thread/INFO]: [AsyncWorldEdit] Disabled
[00:01:00] [Server thread/INFO]: [ChestPlus] Disabling ChestPlus v1.0
[00:01:00] [Server thread/INFO]: [SkinsRestorer] Disabling SkinsRestorer v12.8
[00:01:00] [Server thread/INFO]: [AstatineAddons] Disabling AstatineAddons v2.9.3
[00:01:00] [Server thread/INFO]: [0;32;1m========================================[m
[00:01:00] [Server thread/INFO]: [0;32;1m [m
[00:01:00] [Server thread/INFO]: [0;37;22m [Astatine.ast] foi Desativado[m
[00:01:00] [Server thread/INFO]: [0;32;1m [m
[00:01:00] [Server thread/INFO]: [0;32;1m========================================[m
[00:01:00] [Server thread/INFO]: [ProtocolLib] Disabling ProtocolLib v3.6.5
[00:01:00] [Server thread/INFO]: [Holograms] Disabling Holograms v2.3.0-SNAPSHOT
[00:01:00] [Server thread/INFO]: [WorldGuard] Disabling WorldGuard v6.1
[00:01:00] [Server thread/INFO]: [WorldGuard] Shutting down executor and waiting for any pending tasks...
[00:01:00] [Server thread/INFO]: [Multiverse-Core] Disabling Multiverse-Core v2.4-b527
[00:01:00] [Server thread/INFO]: [Multiverse-Core] - Disabled
[00:01:00] [Server thread/INFO]: [PayPal_NVP] Disabling PayPal_NVP v0.0.1.4
[00:01:00] [Server thread/INFO]: [PayPal_NVP] Disabling PayPal NVP - Author: http://paypal-nvp.sourceforge.net/ & SubZero0
[00:01:00] [Server thread/INFO]: [AstatineTerrenos] Disabling AstatineTerrenos v1.0
[00:01:00] [Server thread/INFO]: [AstatineCorreio] Disabling AstatineCorreio v1.0
[00:01:00] [Server thread/INFO]: [NametagEdit] Disabling NametagEdit v4.1.2
[00:01:00] [Server thread/INFO]: [WorldBorder] Disabling WorldBorder v1.8.1
[00:01:00] [Server thread/INFO]: [WorldBorder] [CONFIG] Border-checking timed task stopped.
[00:01:00] [Server thread/INFO]: [AstatineNPC] Disabling AstatineNPC v1.0.0
[00:01:00] [Server thread/INFO]: [AstatineTeleport] Disabling AstatineTeleport v1.0.2
[00:01:00] [Server thread/INFO]: [VipZeroFIX] Disabling VipZeroFIX v1.0.0
[00:01:00] [Server thread/INFO]: [VipZeroFIX] VipZeroFIX - Autor: SubZero0
[00:01:00] [Server thread/INFO]: [AdvancedBan] Disabling AdvancedBan v2.0.5
[00:01:00] [Server thread/INFO]: 
 
[]=====[Disabling AdvancedBan]=====[]
| Information:
|   Name: AdvancedBan
|   Developer: Leoko
|   Version: 2.0.5
|   MySQL: true
| Support:
|   Skype: Leoko33
|   Mail: Leoko4433@gmail.com
| Update:
|   You have the newest version
[]================================[]
 
[00:01:00] [Server thread/INFO]: [PlugMan] Disabling PlugMan v2.0.8
[00:01:00] [Server thread/INFO]: [Libstore] Disabling Libstore v1.1.3
[00:01:00] [Server thread/INFO]: [ClearLag] Disabling ClearLag v2.9.3
[00:01:00] [Server thread/INFO]: [ClearLag] Clearlag is now disabled!
[00:01:00] [Server thread/INFO]: [BestRanked] Disabling BestRanked v2.0.3
[00:01:00] [Server thread/INFO]: [iConomy_Recreation] Disabling iConomy_Recreation v8.0
[00:01:00] [Server thread/INFO]: [iConomy_Recreation] Closing general data...
[00:01:00] [Server thread/INFO]: [iConomy_Recreation] Disabled. (0 ms)
[00:01:00] [Server thread/INFO]: [Essentials] Disabling Essentials vTeamCity
[00:01:00] [Server thread/INFO]: [WorldEdit] Disabling WorldEdit v6.0;3342-78f975b9
[00:01:00] [Server thread/INFO]: [AsyncWorldEditInjector] Disabling AsyncWorldEditInjector v2.2.2
[00:01:00] [Server thread/INFO]: [AsyncWorldEditInjector] Disabled
[00:01:00] [Server thread/INFO]: Saving players
[00:01:00] [Server thread/INFO]: Saving worlds
[00:01:00] [Server thread/INFO]: Saving chunks for level 'VoidSpawn'/Overworld
[00:01:00] [Server thread/INFO]: Saving chunks for level 'VoidSpawn_nether'/Nether
[00:01:00] [Server thread/INFO]: Saving chunks for level 'VoidArena'/Overworld
[00:01:00] [Server thread/INFO]: Saving chunks for level 'VoidKiller'/Overworld
[00:01:00] [Server thread/INFO]: Saving chunks for level 'VoidMadeira'/Overworld
[00:01:00] [Server thread/INFO]: Saving chunks for level 'VoidMinerar'/Overworld
[00:01:00] [Server thread/INFO]: Saving chunks for level 'VoidMobs'/Overworld
[00:01:00] [Server thread/INFO]: Saving chunks for level 'VoidTesouro'/Overworld
[00:01:00] [Server thread/INFO]: Saving chunks for level 'VoidWarpVip'/Overworld
[00:01:00] [Server thread/INFO]: Saving chunks for level 'VoidNether'/Nether
[00:01:00] [Server thread/INFO]: Saving chunks for level 'VoidTerrenos'/Overworld
[00:01:00] [Server thread/INFO]: Saving chunks for level 'VoidWorld'/Overworld
[00:01:00] [Server thread/INFO]: Saving chunks for level 'VoidLoja'/Overworld
[00:01:00] [Server thread/INFO]: Saving chunks for level 'VoidEnd'/The End
[00:01:00] [Server thread/INFO]: Saving chunks for level 'VoidEventos'/Overworld
